<?xml version="1.0" encoding="UTF-8"?>
<!-- Generated by org.testng.reporters.JUnitReportReporter -->
<testsuite hostname="Trayambkay" failures="0" tests="1" name="mvnp.MavenP2" time="0.013" errors="0" timestamp="2023-12-01T16:07:39 IST" skipped="0">
  <testcase classname="mvnp.MavenP2" name="regressionTest2" time="0.013"/>
  <system-out/>
</testsuite> <!-- mvnp.MavenP2 -->
