<?xml version="1.0" encoding="UTF-8"?>
<!-- Generated by org.testng.reporters.JUnitReportReporter -->
<testsuite hostname="Trayambkay" failures="0" tests="1" name="mvnp.MavenP1" time="0.023" errors="0" timestamp="2023-12-01T16:08:07 IST" skipped="0">
  <testcase classname="mvnp.MavenP1" name="smoketest1" time="0.023"/>
  <system-out/>
</testsuite> <!-- mvnp.MavenP1 -->
